c:\users\alex\desktop\stack\stack\debug\vc142.pdb
c:\users\alex\desktop\stack\stack\debug\vc142.idb
c:\users\alex\desktop\stack\stack\debug\source.obj
c:\users\alex\desktop\stack\stack\debug\files.obj
c:\users\alex\desktop\stack\stack\debug\stack.obj
c:\users\alex\desktop\stack\stack\debug\task1.obj
c:\users\alex\desktop\stack\debug\stack.pdb
c:\users\alex\desktop\stack\stack\debug\stack.tlog\cl.command.1.tlog
c:\users\alex\desktop\stack\stack\debug\stack.tlog\cl.read.1.tlog
c:\users\alex\desktop\stack\stack\debug\stack.tlog\cl.write.1.tlog
c:\users\alex\desktop\stack\stack\debug\stack.tlog\link-cvtres.read.1.tlog
c:\users\alex\desktop\stack\stack\debug\stack.tlog\link-cvtres.write.1.tlog
c:\users\alex\desktop\stack\stack\debug\stack.tlog\link-rc.read.1.tlog
c:\users\alex\desktop\stack\stack\debug\stack.tlog\link-rc.write.1.tlog
c:\users\alex\desktop\stack\stack\debug\stack.tlog\link.17492-cvtres.read.1.tlog
c:\users\alex\desktop\stack\stack\debug\stack.tlog\link.17492-cvtres.write.1.tlog
c:\users\alex\desktop\stack\stack\debug\stack.tlog\link.17492-rc.read.1.tlog
c:\users\alex\desktop\stack\stack\debug\stack.tlog\link.17492-rc.write.1.tlog
c:\users\alex\desktop\stack\stack\debug\stack.tlog\link.17492.read.1.tlog
c:\users\alex\desktop\stack\stack\debug\stack.tlog\link.17492.write.1.tlog
c:\users\alex\desktop\stack\stack\debug\stack.tlog\link.command.1.tlog
c:\users\alex\desktop\stack\stack\debug\stack.tlog\link.read.1.tlog
c:\users\alex\desktop\stack\stack\debug\stack.tlog\link.write.1.tlog
